Arguments: 
  /home/david/.n/bin/node /usr/share/yarn/bin/yarn.js remove typescript

PATH: 
  /home/david/src/geoserver/doc/en/api/client/packages/datastores/node_modules/.bin:/home/david/src/geoserver/doc/en/api/client/packages/node_modules/.bin:/home/david/src/geoserver/doc/en/api/client/node_modules/.bin:/home/david/src/geoserver/doc/en/api/node_modules/.bin:/home/david/src/geoserver/doc/en/node_modules/.bin:/home/david/src/geoserver/doc/node_modules/.bin:/home/david/src/geoserver/node_modules/.bin:/home/david/src/node_modules/.bin:/home/david/node_modules/.bin:/home/node_modules/.bin:/node_modules/.bin:/home/david/.n/bin:/home/david/.gloo/bin:/usr/local/share/spark/spark-2.4.5-bin-hadoop2.7/bin:/usr/local/share/pycharm/pycharm-2020.1.2/bin/:/usr/local/share/go/bin:/snap/bin/:/usr/local/share/google-cloud-sdk/bin:/usr/local/share/netlogo/NetLogo_6.1.1:/home/david/.n//bin:/home/david/.local/bin:/home/david/.conscript/bin:/home/david/go/bin:/home/david/.local/bin:/home/david/bin:/usr/local/sbin:/usr/local/bin:/usr/sbin:/usr/bin:/sbin:/bin:/usr/games:/usr/local/games:/snap/bin:/home/david/.local/share/istio-1.7.4/bin:/usr/local/kubebuilder/bin

Yarn version: 
  1.22.5

Node version: 
  12.18.3

Platform: 
  linux x64

Trace: 
  Error: ENOENT: no such file or directory, lstat '/home/david/src/geoserver/doc/en/api/client/node_modules/coveragestores'

npm manifest: 
  {
    "name": "datastores",
    "version": "1.0.0",
    "description": "OpenAPI client for datastores",
    "author": "OpenAPI-Generator Contributors",
    "keywords": [
      "axios",
      "typescript",
      "openapi-client",
      "openapi-generator",
      "datastores"
    ],
    "license": "Unlicense",
    "main": "./dist/index.js",
    "typings": "./dist/index.d.ts",
    "scripts": {
      "build": "tsc --outDir dist/",
      "prepublishOnly": "npm run build"
    },
    "dependencies": {
      "axios": "^0.19.2"
    },
    "devDependencies": {
      "@types/node": "^12.11.5"
    }
  }

yarn manifest: 
  No manifest

Lockfile: 
  # THIS IS AN AUTOGENERATED FILE. DO NOT EDIT THIS FILE DIRECTLY.
  # yarn lockfile v1
  
  
  "@types/node@^12.11.5":
    version "12.19.9"
    resolved "https://registry.yarnpkg.com/@types/node/-/node-12.19.9.tgz#990ad687ad8b26ef6dcc34a4f69c33d40c95b679"
    integrity sha512-yj0DOaQeUrk3nJ0bd3Y5PeDRJ6W0r+kilosLA+dzF3dola/o9hxhMSg2sFvVcA2UHS5JSOsZp4S0c1OEXc4m1Q==
  
  axios@^0.19.2:
    version "0.19.2"
    resolved "https://registry.yarnpkg.com/axios/-/axios-0.19.2.tgz#3ea36c5d8818d0d5f8a8a97a6d36b86cdc00cb27"
    integrity sha512-fjgm5MvRHLhx+osE2xoekY70AhARk3a6hkN+3Io1jc00jtquGvxYlKlsFUhmUET0V5te6CcZI7lcv2Ym61mjHA==
    dependencies:
      follow-redirects "1.5.10"
  
  debug@=3.1.0:
    version "3.1.0"
    resolved "https://registry.yarnpkg.com/debug/-/debug-3.1.0.tgz#5bb5a0672628b64149566ba16819e61518c67261"
    integrity sha512-OX8XqP7/1a9cqkxYw2yXss15f26NKWBpDXQd0/uK/KPqdQhxbPa994hnzjcE2VqQpDslf55723cKPUOGSmMY3g==
    dependencies:
      ms "2.0.0"
  
  follow-redirects@1.5.10:
    version "1.5.10"
    resolved "https://registry.yarnpkg.com/follow-redirects/-/follow-redirects-1.5.10.tgz#7b7a9f9aea2fdff36786a94ff643ed07f4ff5e2a"
    integrity sha512-0V5l4Cizzvqt5D44aTXbFZz+FtyXV1vrDN6qrelxtfYQKW0KO0W2T/hkE8xvGa/540LkZlkaUjO4ailYTFtHVQ==
    dependencies:
      debug "=3.1.0"
  
  ms@2.0.0:
    version "2.0.0"
    resolved "https://registry.yarnpkg.com/ms/-/ms-2.0.0.tgz#5608aeadfc00be6c2901df5f9861788de0d597c8"
    integrity sha1-VgiurfwAvmwpAd9fmGF4jeDVl8g=
  
  typescript@^4.1.3:
    version "4.1.3"
    resolved "https://registry.yarnpkg.com/typescript/-/typescript-4.1.3.tgz#519d582bd94cba0cf8934c7d8e8467e473f53bb7"
    integrity sha512-B3ZIOf1IKeH2ixgHhj6la6xdwR9QrLC5d1VKeCSY4tvkqhF2eqd9O7txNlS0PO3GrBAFIdr3L1ndNwteUbZLYg==
